Aug 16 14:33 : errno: Failed to open /home/meme/.mpd/mpdstate: No such file or directory
Aug 16 14:33 : update: added AUDIOBOOKS/J.K. Rowling/6 - Harry Potter and the Half Blood Prince/30 Chapter 30 - The White Tomb.mp3
Aug 16 14:33 : update: added AUDIOBOOKS/J.K. Rowling/6 - Harry Potter and the Half Blood Prince/19 Chapter 19 - Elf Tails.mp3
Aug 16 14:33 : update: added AUDIOBOOKS/J.K. Rowling/6 - Harry Potter and the Half Blood Prince/08 Chapter 08 - Snape Victorious.mp3
Aug 16 14:33 : update: added AUDIOBOOKS/J.K. Rowling/6 - Harry Potter and the Half Blood Prince/07 Chapter 07 - The Slug Club.mp3
Aug 16 14:33 : update: added AUDIOBOOKS/J.K. Rowling/6 - Harry Potter and the Half Blood Prince/02 Chapter 02 - Spinner's End.mp3
Aug 16 14:33 : update: added AUDIOBOOKS/J.K. Rowling/6 - Harry Potter and the Half Blood Prince/03 Chapter 03 - Will and Won't.mp3
Aug 16 14:33 : update: added AUDIOBOOKS/J.K. Rowling/6 - Harry Potter and the Half Blood Prince/24 Chapter 24 - Sectumsempera.mp3
Aug 16 14:33 : update: added AUDIOBOOKS/J.K. Rowling/6 - Harry Potter and the Half Blood Prince/21 Chapter 21 - The Unknowable Room.mp3
Aug 16 14:33 : update: added AUDIOBOOKS/J.K. Rowling/6 - Harry Potter and the Half Blood Prince/18 Chapter 18 - Birthday Surprises.mp3
Aug 16 14:33 : update: added AUDIOBOOKS/J.K. Rowling/6 - Harry Potter and the Half Blood Prince/28 Chapter 28 - Flight of the Prince.mp3
Aug 16 14:33 : update: added AUDIOBOOKS/J.K. Rowling/6 - Harry Potter and the Half Blood Prince/14 Chapter 14 - Felix Felicis.mp3
Aug 16 14:33 : update: added AUDIOBOOKS/J.K. Rowling/6 - Harry Potter and the Half Blood Prince/20 Chapter 20 - Lord Voldemort_s Request.mp3
Aug 16 14:33 : update: added AUDIOBOOKS/J.K. Rowling/6 - Harry Potter and the Half Blood Prince/04 Chapter 04 - Horace Slughorn.mp3
Aug 16 14:33 : update: added AUDIOBOOKS/J.K. Rowling/6 - Harry Potter and the Half Blood Prince/10 Chapter 10 - The House of Gaunt.mp3
Aug 16 14:33 : update: added AUDIOBOOKS/J.K. Rowling/6 - Harry Potter and the Half Blood Prince/29 Chapter 29 - The Phoenix Lament.mp3
Aug 16 14:33 : update: added AUDIOBOOKS/J.K. Rowling/6 - Harry Potter and the Half Blood Prince/06 Chapter 06 - Draco's Detour.mp3
Aug 16 14:33 : update: added AUDIOBOOKS/J.K. Rowling/6 - Harry Potter and the Half Blood Prince/13 Chapter 13 - The Secret Riddle.mp3
Aug 16 14:33 : update: added AUDIOBOOKS/J.K. Rowling/6 - Harry Potter and the Half Blood Prince/05 Chapter 05 - An Excess of Phlegm.mp3
Aug 16 14:33 : update: added AUDIOBOOKS/J.K. Rowling/6 - Harry Potter and the Half Blood Prince/15 Chapter 15 - The Unbreakable Vow.mp3
Aug 16 14:33 : update: added AUDIOBOOKS/J.K. Rowling/6 - Harry Potter and the Half Blood Prince/16 Chapter 16 - A Very Frosty Christmas.mp3
Aug 16 14:33 : update: added AUDIOBOOKS/J.K. Rowling/6 - Harry Potter and the Half Blood Prince/11 Chapter 11 - Hermione_s Helping Hand.mp3
Aug 16 14:33 : update: added AUDIOBOOKS/J.K. Rowling/6 - Harry Potter and the Half Blood Prince/26 Chapter 26 - The Cave.mp3
Aug 16 14:33 : update: added AUDIOBOOKS/J.K. Rowling/6 - Harry Potter and the Half Blood Prince/27 Chapter 27 - The Lightning-Struck Tower.mp3
Aug 16 14:33 : update: added AUDIOBOOKS/J.K. Rowling/6 - Harry Potter and the Half Blood Prince/23 Chapter 23 - Horcruxes.mp3
Aug 16 14:33 : update: added AUDIOBOOKS/J.K. Rowling/6 - Harry Potter and the Half Blood Prince/12 Chapter 12 - Silver and Opals.mp3
Aug 16 14:33 : update: added AUDIOBOOKS/J.K. Rowling/6 - Harry Potter and the Half Blood Prince/17 Chapter 17 - A Sluggish Memory.mp3
Aug 16 14:33 : update: added AUDIOBOOKS/J.K. Rowling/6 - Harry Potter and the Half Blood Prince/25 Chapter 25 - The Seer Overhead.mp3
Aug 16 14:33 : update: added AUDIOBOOKS/J.K. Rowling/6 - Harry Potter and the Half Blood Prince/22 Chapter 22 - After the Burial.mp3
Aug 16 14:33 : update: added AUDIOBOOKS/J.K. Rowling/6 - Harry Potter and the Half Blood Prince/09 Chapter 09 - The Half-Blood Prince.mp3
Aug 16 14:33 : update: added AUDIOBOOKS/J.K. Rowling/6 - Harry Potter and the Half Blood Prince/01 Chapter 01 - The Other Minister.mp3
Aug 16 14:33 : update: added AUDIOBOOKS/J.K. Rowling/7 - Harry Potter and the Deathly Hallows/26 Chapter 26 - Gringotts.mp3
Aug 16 14:33 : update: added AUDIOBOOKS/J.K. Rowling/7 - Harry Potter and the Deathly Hallows/07 Chapter 07 - The Will of Albus Dumbledore.mp3
Aug 16 14:33 : update: added AUDIOBOOKS/J.K. Rowling/7 - Harry Potter and the Deathly Hallows/16 Chapter 16 - Godric's Hollow.mp3
Aug 16 14:33 : update: added AUDIOBOOKS/J.K. Rowling/7 - Harry Potter and the Deathly Hallows/15 Chapter 15 - The Goblin's Revenge.mp3
Aug 16 14:33 : update: added AUDIOBOOKS/J.K. Rowling/7 - Harry Potter and the Deathly Hallows/04 Chapter 04 - The Seven Potters.mp3
Aug 16 14:33 : update: added AUDIOBOOKS/J.K. Rowling/7 - Harry Potter and the Deathly Hallows/10 Chapter 10 - Kreacher's Tale.mp3
Aug 16 14:33 : update: added AUDIOBOOKS/J.K. Rowling/7 - Harry Potter and the Deathly Hallows/22 Chapter 22 - The Deathly Hallows.mp3
Aug 16 14:33 : update: added AUDIOBOOKS/J.K. Rowling/7 - Harry Potter and the Deathly Hallows/17 Chapter 17 - Bathilda's Secret.mp3
Aug 16 14:33 : update: added AUDIOBOOKS/J.K. Rowling/7 - Harry Potter and the Deathly Hallows/03 Chapter 03 - The Dursleys Departing.mp3
Aug 16 14:33 : update: added AUDIOBOOKS/J.K. Rowling/7 - Harry Potter and the Deathly Hallows/31 Chapter 31 - The Battle of Hogwarts.mp3
Aug 16 14:33 : update: added AUDIOBOOKS/J.K. Rowling/7 - Harry Potter and the Deathly Hallows/06 Chapter 06 - The Goul in Pajamas.mp3
Aug 16 14:33 : update: added AUDIOBOOKS/J.K. Rowling/7 - Harry Potter and the Deathly Hallows/23 Chapter 23 - Malfoy Manor.mp3
Aug 16 14:33 : update: added AUDIOBOOKS/J.K. Rowling/7 - Harry Potter and the Deathly Hallows/05 Chapter 05 - Fallen Warrior.mp3
Aug 16 14:33 : update: added AUDIOBOOKS/J.K. Rowling/7 - Harry Potter and the Deathly Hallows/09 Chapter 09 - A Place to Hide.mp3
Aug 16 14:33 : update: added AUDIOBOOKS/J.K. Rowling/7 - Harry Potter and the Deathly Hallows/19 Chapter 19 - The Silver Doe.mp3
Aug 16 14:33 : update: added AUDIOBOOKS/J.K. Rowling/7 - Harry Potter and the Deathly Hallows/02 Chapter 02 - In Memoriam.mp3
Aug 16 14:33 : update: added AUDIOBOOKS/J.K. Rowling/7 - Harry Potter and the Deathly Hallows/33 Chapter 33 - The Prince's Tale.mp3
Aug 16 14:33 : update: added AUDIOBOOKS/J.K. Rowling/7 - Harry Potter and the Deathly Hallows/30 Chapter 30 - The Sacking of Severus Snape.mp3
Aug 16 14:33 : update: added AUDIOBOOKS/J.K. Rowling/7 - Harry Potter and the Deathly Hallows/29 Chapter 29 - The Lost Diadem.mp3
Aug 16 14:33 : update: added AUDIOBOOKS/J.K. Rowling/7 - Harry Potter and the Deathly Hallows/28 Chapter 28 - The Missing Mirror.mp3
Aug 16 14:33 : update: added AUDIOBOOKS/J.K. Rowling/7 - Harry Potter and the Deathly Hallows/34 Chapter 34 - The Forest Again.mp3
Aug 16 14:33 : update: added AUDIOBOOKS/J.K. Rowling/7 - Harry Potter and the Deathly Hallows/35 Chapter 35 - King's Cross.mp3
Aug 16 14:33 : update: added AUDIOBOOKS/J.K. Rowling/7 - Harry Potter and the Deathly Hallows/11 Chapter 11 - The Bribe.mp3
Aug 16 14:33 : update: added AUDIOBOOKS/J.K. Rowling/7 - Harry Potter and the Deathly Hallows/14 Chapter 14 - The Thief.mp3
Aug 16 14:33 : update: added AUDIOBOOKS/J.K. Rowling/7 - Harry Potter and the Deathly Hallows/18 Chapter 18 - The Life and Lies of Albus Dumbledore.mp3
Aug 16 14:33 : update: added AUDIOBOOKS/J.K. Rowling/7 - Harry Potter and the Deathly Hallows/36 Chapter 36 - The Flaw in the Plan.mp3
Aug 16 14:33 : update: added AUDIOBOOKS/J.K. Rowling/7 - Harry Potter and the Deathly Hallows/13 Chapter 13 - The Muggle-born Registration Commission.mp3
Aug 16 14:33 : update: added AUDIOBOOKS/J.K. Rowling/7 - Harry Potter and the Deathly Hallows/32 Chapter 32 - The Elder Wand.mp3
Aug 16 14:33 : update: added AUDIOBOOKS/J.K. Rowling/7 - Harry Potter and the Deathly Hallows/24 Chapter 24 - The Wandmaker.mp3
Aug 16 14:33 : update: added AUDIOBOOKS/J.K. Rowling/7 - Harry Potter and the Deathly Hallows/21 Chapter 21 - The Tale of the Three Borthers.mp3
Aug 16 14:33 : update: added AUDIOBOOKS/J.K. Rowling/7 - Harry Potter and the Deathly Hallows/01 Chapter 01 - The Dark Lord Ascending.mp3
Aug 16 14:33 : update: added AUDIOBOOKS/J.K. Rowling/7 - Harry Potter and the Deathly Hallows/08 Chapter 08 - The Wedding.mp3
Aug 16 14:33 : update: added AUDIOBOOKS/J.K. Rowling/7 - Harry Potter and the Deathly Hallows/27 Chapter 27 - The Final Hiding Place.mp3
Aug 16 14:33 : update: added AUDIOBOOKS/J.K. Rowling/7 - Harry Potter and the Deathly Hallows/20 Chapter 20 - Xenophilius Lovegood.mp3
Aug 16 14:33 : update: added AUDIOBOOKS/J.K. Rowling/7 - Harry Potter and the Deathly Hallows/25 Chapter 25 - Shell Cottage.mp3
Aug 16 14:33 : update: added AUDIOBOOKS/J.K. Rowling/7 - Harry Potter and the Deathly Hallows/37 Epilogue - Nineteen Years Later.mp3
Aug 16 14:33 : update: added AUDIOBOOKS/J.K. Rowling/7 - Harry Potter and the Deathly Hallows/12 Chapter 12 - Magic is Might.mp3
Aug 16 14:33 : update: added AUDIOBOOKS/J.K. Rowling/4 - Harry Potter and the Goblet of Fire/03 Chapter 03 - The Invitation.mp3
Aug 16 14:33 : update: added AUDIOBOOKS/J.K. Rowling/4 - Harry Potter and the Goblet of Fire/13 Chapter 13 - Mad Eye Moody.mp3
Aug 16 14:33 : update: added AUDIOBOOKS/J.K. Rowling/4 - Harry Potter and the Goblet of Fire/02 Chapter 02 - The Scar.mp3
Aug 16 14:33 : update: added AUDIOBOOKS/J.K. Rowling/4 - Harry Potter and the Goblet of Fire/20 Chapter 20 - The First Task.mp3
Aug 16 14:33 : update: added AUDIOBOOKS/J.K. Rowling/4 - Harry Potter and the Goblet of Fire/22 Chapter 22 - The Unexpected Task.mp3
Aug 16 14:33 : update: added AUDIOBOOKS/J.K. Rowling/4 - Harry Potter and the Goblet of Fire/14 Chapter 14 - The Unforgivable Curses.mp3
Aug 16 14:33 : update: added AUDIOBOOKS/J.K. Rowling/4 - Harry Potter and the Goblet of Fire/32 Chapter 32 - Flesh Blood and Bone.mp3
Aug 16 14:33 : update: added AUDIOBOOKS/J.K. Rowling/4 - Harry Potter and the Goblet of Fire/11 Chapter 11 - Aboard the Hogwarts Express.mp3
Aug 16 14:33 : update: added AUDIOBOOKS/J.K. Rowling/4 - Harry Potter and the Goblet of Fire/10 Chapter 10 - Mayhem at the Ministry.mp3
Aug 16 14:33 : update: added AUDIOBOOKS/J.K. Rowling/4 - Harry Potter and the Goblet of Fire/08 Chapter 08 - The Quidditch World Cup.mp3
Aug 16 14:33 : update: added AUDIOBOOKS/J.K. Rowling/4 - Harry Potter and the Goblet of Fire/21 Chapter 21 - The House Elf Liberation Front.mp3
Aug 16 14:33 : update: added AUDIOBOOKS/J.K. Rowling/4 - Harry Potter and the Goblet of Fire/27 Chapter 27 - Padfoot Returns.mp3
Aug 16 14:33 : update: added AUDIOBOOKS/J.K. Rowling/4 - Harry Potter and the Goblet of Fire/36 Chapter 36 - The Parting of the Ways.mp3
Aug 16 14:33 : update: added AUDIOBOOKS/J.K. Rowling/4 - Harry Potter and the Goblet of Fire/07 Chapter 07 - Bagman and Crouch.mp3
Aug 16 14:33 : update: added AUDIOBOOKS/J.K. Rowling/4 - Harry Potter and the Goblet of Fire/12 Chapter 12 - The Triwizard Tournament.mp3
Aug 16 14:33 : update: added AUDIOBOOKS/J.K. Rowling/4 - Harry Potter and the Goblet of Fire/33 Chapter 33 - The Death Eaters.mp3
Aug 16 14:33 : update: added AUDIOBOOKS/J.K. Rowling/4 - Harry Potter and the Goblet of Fire/16 Chapter 16 - The Goblet of Fire.mp3
Aug 16 14:33 : update: added AUDIOBOOKS/J.K. Rowling/4 - Harry Potter and the Goblet of Fire/01 Chapter 01 - The Riddle House.mp3
Aug 16 14:33 : update: added AUDIOBOOKS/J.K. Rowling/4 - Harry Potter and the Goblet of Fire/04 Chapter 04 - Back to the Burrow.mp3
Aug 16 14:33 : update: added AUDIOBOOKS/J.K. Rowling/4 - Harry Potter and the Goblet of Fire/17 Chapter 17 - The Four Champions.mp3
Aug 16 14:33 : update: added AUDIOBOOKS/J.K. Rowling/4 - Harry Potter and the Goblet of Fire/31 Chapter 31 - The Third Task.mp3
Aug 16 14:33 : update: added AUDIOBOOKS/J.K. Rowling/4 - Harry Potter and the Goblet of Fire/06 Chapter 06 - The Portkey.mp3
Aug 16 14:33 : update: added AUDIOBOOKS/J.K. Rowling/4 - Harry Potter and the Goblet of Fire/34 Chapter 34 - Priori Incantatem.mp3
Aug 16 14:33 : update: added AUDIOBOOKS/J.K. Rowling/4 - Harry Potter and the Goblet of Fire/28 Chpater 28 - The Madness of Mr Crouch.mp3
Aug 16 14:33 : update: added AUDIOBOOKS/J.K. Rowling/4 - Harry Potter and the Goblet of Fire/24 Chapter 24 - Rita Skeeter's Scoop.mp3
Aug 16 14:33 : update: added AUDIOBOOKS/J.K. Rowling/4 - Harry Potter and the Goblet of Fire/25 Chapter 25 - The Egg and the Eye.mp3
Aug 16 14:33 : update: added AUDIOBOOKS/J.K. Rowling/4 - Harry Potter and the Goblet of Fire/19 Chapter 19 - The Hungarian Horntail.mp3
Aug 16 14:33 : update: added AUDIOBOOKS/J.K. Rowling/4 - Harry Potter and the Goblet of Fire/23 Chapter 23 - The Yule Ball.mp3
Aug 16 14:33 : update: added AUDIOBOOKS/J.K. Rowling/4 - Harry Potter and the Goblet of Fire/09 Chapter 09 - The Dark Mark.mp3
Aug 16 14:33 : update: added AUDIOBOOKS/J.K. Rowling/4 - Harry Potter and the Goblet of Fire/05 Chapter 05 - Weasley's Wizarding Wheezes.mp3
Aug 16 14:33 : update: added AUDIOBOOKS/J.K. Rowling/4 - Harry Potter and the Goblet of Fire/26 Chapter 26 - The Second Task.mp3
Aug 16 14:33 : update: added AUDIOBOOKS/J.K. Rowling/4 - Harry Potter and the Goblet of Fire/35 Chapter 35 - Veritaserum.mp3
Aug 16 14:33 : update: added AUDIOBOOKS/J.K. Rowling/4 - Harry Potter and the Goblet of Fire/18 Chapter 18 - The Weighing of the Wands.mp3
Aug 16 14:33 : update: added AUDIOBOOKS/J.K. Rowling/4 - Harry Potter and the Goblet of Fire/30 Chapter 30 - The Pensieve.mp3
Aug 16 14:33 : update: added AUDIOBOOKS/J.K. Rowling/4 - Harry Potter and the Goblet of Fire/29 Chapter 29 - The Dream.mp3
Aug 16 14:33 : update: added AUDIOBOOKS/J.K. Rowling/4 - Harry Potter and the Goblet of Fire/15 Chapter 15 - Beauxbatons and Durmstrang.mp3
Aug 16 14:33 : update: added AUDIOBOOKS/J.K. Rowling/4 - Harry Potter and the Goblet of Fire/37 Chapter 37 - The Beginning.mp3
Aug 16 14:33 : update: added AUDIOBOOKS/J.K. Rowling/1 - Harry Potter and the Philosophers Stone/08 Chapter 08 - The Potions Master.mp3
Aug 16 14:33 : update: added AUDIOBOOKS/J.K. Rowling/1 - Harry Potter and the Philosophers Stone/06 Chapter 06 - The Journey From Platform Nine and Three Quarters.mp3
Aug 16 14:33 : update: added AUDIOBOOKS/J.K. Rowling/1 - Harry Potter and the Philosophers Stone/05 Chapter 05 - Diagon Alley.mp3
Aug 16 14:33 : update: added AUDIOBOOKS/J.K. Rowling/1 - Harry Potter and the Philosophers Stone/17 Chapter 17 - The Man With Two Faces.mp3
Aug 16 14:33 : update: added AUDIOBOOKS/J.K. Rowling/1 - Harry Potter and the Philosophers Stone/03 Chapter 03 - The Letters From No One.mp3
Aug 16 14:33 : update: added AUDIOBOOKS/J.K. Rowling/1 - Harry Potter and the Philosophers Stone/14 Chapter 14 - Norbert the Norwegian Ridgeback.mp3
Aug 16 14:33 : update: added AUDIOBOOKS/J.K. Rowling/1 - Harry Potter and the Philosophers Stone/16 Chapter 16 - Through the Trapdoor.mp3
Aug 16 14:33 : update: added AUDIOBOOKS/J.K. Rowling/1 - Harry Potter and the Philosophers Stone/02 Chapter 02 - The Vanishing Glass.mp3
Aug 16 14:33 : update: added AUDIOBOOKS/J.K. Rowling/1 - Harry Potter and the Philosophers Stone/12 Chapter 12 - The Mirror of Erised.mp3
Aug 16 14:33 : update: added AUDIOBOOKS/J.K. Rowling/1 - Harry Potter and the Philosophers Stone/13 Chapter 13 - Nicolas Flamel.mp3
Aug 16 14:33 : update: added AUDIOBOOKS/J.K. Rowling/1 - Harry Potter and the Philosophers Stone/15 Chapter 15 - The Forbidden Forest.mp3
Aug 16 14:33 : update: added AUDIOBOOKS/J.K. Rowling/1 - Harry Potter and the Philosophers Stone/11 Chapter 11 - Quidditch.mp3
Aug 16 14:33 : update: added AUDIOBOOKS/J.K. Rowling/1 - Harry Potter and the Philosophers Stone/09 Chapter 09 - The Midnight Duel.mp3
Aug 16 14:33 : update: added AUDIOBOOKS/J.K. Rowling/1 - Harry Potter and the Philosophers Stone/10 Chapter 10 - Halloween.mp3
Aug 16 14:33 : update: added AUDIOBOOKS/J.K. Rowling/1 - Harry Potter and the Philosophers Stone/04 Chapter 04 - The Keeper of the Keys.mp3
Aug 16 14:33 : update: added AUDIOBOOKS/J.K. Rowling/1 - Harry Potter and the Philosophers Stone/07 Chapter 07 - The Sorting Hat.mp3
Aug 16 14:33 : update: added AUDIOBOOKS/J.K. Rowling/1 - Harry Potter and the Philosophers Stone/01 Chapter 01 - The Boy Who Lived.mp3
Aug 16 14:33 : update: added AUDIOBOOKS/J.K. Rowling/5 - Harry Potter and the Order of the Phoenix/06 Chapter 06 - The Noble and Most Ancient House of Black.mp3
Aug 16 14:33 : update: added AUDIOBOOKS/J.K. Rowling/5 - Harry Potter and the Order of the Phoenix/08 Chapter 08 - The Hearing.mp3
Aug 16 14:33 : update: added AUDIOBOOKS/J.K. Rowling/5 - Harry Potter and the Order of the Phoenix/29 Chapter 29 - Career Advice.mp3
Aug 16 14:33 : update: added AUDIOBOOKS/J.K. Rowling/5 - Harry Potter and the Order of the Phoenix/36 Chapter 36 - The Only One He Ever Feared.mp3
Aug 16 14:33 : update: added AUDIOBOOKS/J.K. Rowling/5 - Harry Potter and the Order of the Phoenix/02 Chapter 02 - A Peck of Owls.mp3
Aug 16 14:33 : update: added AUDIOBOOKS/J.K. Rowling/5 - Harry Potter and the Order of the Phoenix/26 Chapter 26 - Seen and Unforeseen.mp3
Aug 16 14:33 : update: added AUDIOBOOKS/J.K. Rowling/5 - Harry Potter and the Order of the Phoenix/03 Chapter 03 - The Advance Guard.mp3
Aug 16 14:33 : update: added AUDIOBOOKS/J.K. Rowling/5 - Harry Potter and the Order of the Phoenix/19 Chapter 19 - The Lion and the Serpent.mp3
Aug 16 14:33 : update: added AUDIOBOOKS/J.K. Rowling/5 - Harry Potter and the Order of the Phoenix/15 Chapter 15 - The Hogwarts High Inquisitor.mp3
Aug 16 14:33 : update: added AUDIOBOOKS/J.K. Rowling/5 - Harry Potter and the Order of the Phoenix/10 Chapter 10 - Luna Lovegood.mp3
Aug 16 14:33 : update: added AUDIOBOOKS/J.K. Rowling/5 - Harry Potter and the Order of the Phoenix/31 Chapter 31 - O.W.L.S.mp3
Aug 16 14:33 : update: added AUDIOBOOKS/J.K. Rowling/5 - Harry Potter and the Order of the Phoenix/11 Chapter 11 - The Sorting Hat's New Song.mp3
Aug 16 14:33 : update: added AUDIOBOOKS/J.K. Rowling/5 - Harry Potter and the Order of the Phoenix/17 Chapter 17 - Educational Decree Number Twenty-Four.mp3
Aug 16 14:33 : update: added AUDIOBOOKS/J.K. Rowling/5 - Harry Potter and the Order of the Phoenix/20 Chapter 20 - Hagrid's Tale.mp3
Aug 16 14:33 : update: added AUDIOBOOKS/J.K. Rowling/5 - Harry Potter and the Order of the Phoenix/21 Chapter 21 - The Eye of the Snake.mp3
Aug 16 14:33 : update: added AUDIOBOOKS/J.K. Rowling/5 - Harry Potter and the Order of the Phoenix/22 Chapter 22 - St. Mungo's Hospital for Magical Maladies and Injuries.mp3
Aug 16 14:33 : update: added AUDIOBOOKS/J.K. Rowling/5 - Harry Potter and the Order of the Phoenix/23 Chapter 23 - Christmas on the Closed Ward.mp3
Aug 16 14:33 : update: added AUDIOBOOKS/J.K. Rowling/5 - Harry Potter and the Order of the Phoenix/13 Chapter 13 - Detention With Dolores.mp3
Aug 16 14:33 : update: added AUDIOBOOKS/J.K. Rowling/5 - Harry Potter and the Order of the Phoenix/04 Chapter 04 - Number Twelve Grimmauld Place.mp3
Aug 16 14:33 : update: added AUDIOBOOKS/J.K. Rowling/5 - Harry Potter and the Order of the Phoenix/01 Chapter 01 - Dudley Demented.mp3
Aug 16 14:33 : update: added AUDIOBOOKS/J.K. Rowling/5 - Harry Potter and the Order of the Phoenix/24 Chapter 24 - Occlumency.mp3
Aug 16 14:33 : update: added AUDIOBOOKS/J.K. Rowling/5 - Harry Potter and the Order of the Phoenix/27 Chapter 27 - The Centaur and the Sneak.mp3
Aug 16 14:33 : update: added AUDIOBOOKS/J.K. Rowling/5 - Harry Potter and the Order of the Phoenix/28 Chapter 28 - Snape's Worst Memory.mp3
Aug 16 14:33 : update: added AUDIOBOOKS/J.K. Rowling/5 - Harry Potter and the Order of the Phoenix/25 Chapter 25 - The Beetle at Bay.mp3
Aug 16 14:33 : update: added AUDIOBOOKS/J.K. Rowling/5 - Harry Potter and the Order of the Phoenix/34 Chapter 34 - The Department of Mysteries.mp3
Aug 16 14:33 : update: added AUDIOBOOKS/J.K. Rowling/5 - Harry Potter and the Order of the Phoenix/16 Chapter 16 -In The Hog's Head.mp3
Aug 16 14:33 : update: added AUDIOBOOKS/J.K. Rowling/5 - Harry Potter and the Order of the Phoenix/05 Chapter 05 - The Order of the Phoenix.mp3
Aug 16 14:33 : update: added AUDIOBOOKS/J.K. Rowling/5 - Harry Potter and the Order of the Phoenix/38 Chapter 38 - The Second War Begins.mp3
Aug 16 14:33 : update: added AUDIOBOOKS/J.K. Rowling/5 - Harry Potter and the Order of the Phoenix/30 Chapter 30 - Grawp.mp3
Aug 16 14:33 : update: added AUDIOBOOKS/J.K. Rowling/5 - Harry Potter and the Order of the Phoenix/07 Chapter 07 - The Ministry of Magic.mp3
Aug 16 14:33 : update: added AUDIOBOOKS/J.K. Rowling/5 - Harry Potter and the Order of the Phoenix/32 Chapter 32 - Out of the Fire.mp3
Aug 16 14:33 : update: added AUDIOBOOKS/J.K. Rowling/5 - Harry Potter and the Order of the Phoenix/37 Chapter 37 - The Lost Prophecy.mp3
Aug 16 14:33 : update: added AUDIOBOOKS/J.K. Rowling/5 - Harry Potter and the Order of the Phoenix/12 Chapter 12 - Professor Umbridge.mp3
Aug 16 14:33 : update: added AUDIOBOOKS/J.K. Rowling/5 - Harry Potter and the Order of the Phoenix/09 Chapter 09 - The Woes of Mrs. Weasley.mp3
Aug 16 14:33 : update: added AUDIOBOOKS/J.K. Rowling/5 - Harry Potter and the Order of the Phoenix/14 Chapter 14 - Percy and Padfoot.mp3
Aug 16 14:33 : update: added AUDIOBOOKS/J.K. Rowling/5 - Harry Potter and the Order of the Phoenix/33 Chapter 33 - Fight and Flight.mp3
Aug 16 14:33 : update: added AUDIOBOOKS/J.K. Rowling/5 - Harry Potter and the Order of the Phoenix/35 Chapter 35 - Beyond the Veil.mp3
Aug 16 14:33 : update: added AUDIOBOOKS/J.K. Rowling/5 - Harry Potter and the Order of the Phoenix/18 Chapter 18 - Dumbledore's Army.mp3
Aug 16 14:33 : update: added AUDIOBOOKS/J.K. Rowling/3 - Harry Potter and the Prisoner of Azkaban/04 Chapter 04 - The Leaky Cauldron.mp3
Aug 16 14:33 : update: added AUDIOBOOKS/J.K. Rowling/3 - Harry Potter and the Prisoner of Azkaban/11 Chapter 11 - The Firebolt.mp3
Aug 16 14:33 : update: added AUDIOBOOKS/J.K. Rowling/3 - Harry Potter and the Prisoner of Azkaban/22 Chapter 22 - Owl Post Again.mp3
Aug 16 14:33 : update: added AUDIOBOOKS/J.K. Rowling/3 - Harry Potter and the Prisoner of Azkaban/13 Chapter 13 - Gryffindor versus Ravenclaw.mp3
Aug 16 14:33 : update: added AUDIOBOOKS/J.K. Rowling/3 - Harry Potter and the Prisoner of Azkaban/21 Chapter 21 - Hermione's Secret.mp3
Aug 16 14:33 : update: added AUDIOBOOKS/J.K. Rowling/3 - Harry Potter and the Prisoner of Azkaban/20 Chapter 20 - The Dementors Kiss.mp3
Aug 16 14:33 : update: added AUDIOBOOKS/J.K. Rowling/3 - Harry Potter and the Prisoner of Azkaban/05 Chapter 05 - The Dementor.mp3
Aug 16 14:33 : update: added AUDIOBOOKS/J.K. Rowling/3 - Harry Potter and the Prisoner of Azkaban/01 Chapter 01 - Owl Post.mp3
Aug 16 14:33 : update: added AUDIOBOOKS/J.K. Rowling/3 - Harry Potter and the Prisoner of Azkaban/17 Chapter 17 - Cat Rat And Dog.mp3
Aug 16 14:33 : update: added AUDIOBOOKS/J.K. Rowling/3 - Harry Potter and the Prisoner of Azkaban/09 Chapter 09 - Grim Defeat.mp3
Aug 16 14:33 : update: added AUDIOBOOKS/J.K. Rowling/3 - Harry Potter and the Prisoner of Azkaban/08 Chapter 08 - Flight Of The Fat Lady.mp3
Aug 16 14:33 : update: added AUDIOBOOKS/J.K. Rowling/3 - Harry Potter and the Prisoner of Azkaban/15 Chapter 15 - The Quidditch Final.mp3
Aug 16 14:33 : update: added AUDIOBOOKS/J.K. Rowling/3 - Harry Potter and the Prisoner of Azkaban/06 Chapter 06 - Talons And Tea Leaves.mp3
Aug 16 14:33 : update: added AUDIOBOOKS/J.K. Rowling/3 - Harry Potter and the Prisoner of Azkaban/07 Chapter 07 - The Boggart In The Wardrobe.mp3
Aug 16 14:33 : update: added AUDIOBOOKS/J.K. Rowling/3 - Harry Potter and the Prisoner of Azkaban/02 Chpater 02 - Aunt Marge's Big Mistake.mp3
Aug 16 14:33 : update: added AUDIOBOOKS/J.K. Rowling/3 - Harry Potter and the Prisoner of Azkaban/10 Chapter 10 - The Marauder's Map.mp3
Aug 16 14:33 : update: added AUDIOBOOKS/J.K. Rowling/3 - Harry Potter and the Prisoner of Azkaban/14 Chapter 14 - Snape's Grudge.mp3
Aug 16 14:33 : update: added AUDIOBOOKS/J.K. Rowling/3 - Harry Potter and the Prisoner of Azkaban/16 Chapter 16 - Professor Trelawney's Prediction.mp3
Aug 16 14:33 : update: added AUDIOBOOKS/J.K. Rowling/3 - Harry Potter and the Prisoner of Azkaban/03 Chapter 03 - The Knight Bus.mp3
Aug 16 14:33 : update: added AUDIOBOOKS/J.K. Rowling/3 - Harry Potter and the Prisoner of Azkaban/12 Chapter 12 - The Patronus.mp3
Aug 16 14:33 : update: added AUDIOBOOKS/J.K. Rowling/3 - Harry Potter and the Prisoner of Azkaban/18 Chapter 18 - Moony Wormtail Padfoot and Prongs.mp3
Aug 16 14:33 : update: added AUDIOBOOKS/J.K. Rowling/3 - Harry Potter and the Prisoner of Azkaban/19 Chapter 19 - The Servant of the Lord Voldemort.mp3
Aug 16 14:33 : update: added AUDIOBOOKS/J.K. Rowling/2-Harry Potter and the Chamber of Secrets/03 Chapter 03 - The Burrow.mp3
Aug 16 14:33 : update: added AUDIOBOOKS/J.K. Rowling/2-Harry Potter and the Chamber of Secrets/08 Chapter 08 - The Deathday Party.mp3
Aug 16 14:33 : update: added AUDIOBOOKS/J.K. Rowling/2-Harry Potter and the Chamber of Secrets/17 Chapter 17 - The Heir of Slytherin.mp3
Aug 16 14:33 : update: added AUDIOBOOKS/J.K. Rowling/2-Harry Potter and the Chamber of Secrets/09 Chapter 09 - The Writing on the Wall.mp3
Aug 16 14:33 : update: added AUDIOBOOKS/J.K. Rowling/2-Harry Potter and the Chamber of Secrets/13 Chapter 13 - The Very Secret Diary.mp3
Aug 16 14:33 : update: added AUDIOBOOKS/J.K. Rowling/2-Harry Potter and the Chamber of Secrets/11 Chapter 11 - The Duelling Club.mp3
Aug 16 14:33 : update: added AUDIOBOOKS/J.K. Rowling/2-Harry Potter and the Chamber of Secrets/06 Chapter 06 - Gilderoy Lockhart.mp3
Aug 16 14:33 : update: added AUDIOBOOKS/J.K. Rowling/2-Harry Potter and the Chamber of Secrets/07 Chapter 07 - Mudbloods and Murmurs.mp3
Aug 16 14:33 : update: added AUDIOBOOKS/J.K. Rowling/2-Harry Potter and the Chamber of Secrets/10 Chapter 10 - The Rogue Bludger.mp3
Aug 16 14:33 : update: added AUDIOBOOKS/J.K. Rowling/2-Harry Potter and the Chamber of Secrets/12 Chapter 12 - The Polyjuice Potion.mp3
Aug 16 14:33 : update: added AUDIOBOOKS/J.K. Rowling/2-Harry Potter and the Chamber of Secrets/16 Chapter 16 - The Chamber of Secrets.mp3
Aug 16 14:33 : update: added AUDIOBOOKS/J.K. Rowling/2-Harry Potter and the Chamber of Secrets/18 Chapter 18 - Dobby's Reward.mp3
Aug 16 14:33 : update: added AUDIOBOOKS/J.K. Rowling/2-Harry Potter and the Chamber of Secrets/14 Chapter 14 - Cornelius Fudge.mp3
Aug 16 14:33 : update: added AUDIOBOOKS/J.K. Rowling/2-Harry Potter and the Chamber of Secrets/05 Chapter 05 - The Whomping Willow.mp3
Aug 16 14:33 : update: added AUDIOBOOKS/J.K. Rowling/2-Harry Potter and the Chamber of Secrets/01 Chapter 01 - The Worst Birthday.mp3
Aug 16 14:33 : update: added AUDIOBOOKS/J.K. Rowling/2-Harry Potter and the Chamber of Secrets/15 Chapter 15 - Aragog.mp3
Aug 16 14:33 : update: added AUDIOBOOKS/J.K. Rowling/2-Harry Potter and the Chamber of Secrets/04 Chapter 04 - At Flourish and Blotts.mp3
Aug 16 14:33 : update: added AUDIOBOOKS/J.K. Rowling/2-Harry Potter and the Chamber of Secrets/02 Chapter 02 - Dobby's Warning.mp3
Aug 16 14:33 : update: added meetings/James.wav
Aug 16 14:33 : update: added meetings/Davidino_huge.wav
Aug 16 14:33 : update: added meetings/Tables.wav
Aug 16 14:33 : update: added meetings/MI_prior.wav
Aug 16 14:33 : update: added meetings/Kristian.wav
Aug 16 14:33 : avahi: Service 'Music Player' successfully established.
Aug 16 14:33 : client: [0] opened from 127.0.0.1:46184
Aug 16 14:33 : alsa_mixer: Failed to read mixer for 'pulse audio': no such mixer control: PCM
Aug 16 14:34 : config: option 'device' on line 10 was not recognized
Aug 16 14:34 : client: [0] opened from 127.0.0.1:46200
Aug 16 14:34 : avahi: Service 'Music Player' successfully established.
Aug 16 14:34 : client: [1] opened from 127.0.0.1:46202
Aug 16 14:34 : client: [0] closed
Aug 16 14:38 : config: option 'device' on line 10 was not recognized
Aug 16 14:38 : client: [0] opened from 127.0.0.1:46496
Aug 16 14:38 : avahi: Service 'Music Player' successfully established.
Aug 16 14:38 : client: [1] opened from 127.0.0.1:46506
Aug 16 14:38 : client: [0] closed
Aug 16 14:38 : config: option 'device' on line 10 was not recognized
Aug 16 14:38 : client: [0] opened from 127.0.0.1:46520
Aug 16 14:38 : avahi: Service 'Music Player' successfully established.
Aug 16 14:38 : client: [1] opened from 127.0.0.1:46530
Aug 16 14:38 : client: [0] closed
Aug 16 14:39 : config: option 'device' on line 10 was not recognized
Aug 16 14:39 : avahi: Service 'Music Player' successfully established.
Aug 16 14:39 : client: [0] opened from 127.0.0.1:46596
Aug 16 14:39 : config: option 'device' on line 10 was not recognized
Aug 16 14:39 : client: [0] opened from 127.0.0.1:46626
Aug 16 14:39 : avahi: Service 'Music Player' successfully established.
Aug 16 14:39 : client: [1] opened from 127.0.0.1:46628
Aug 16 14:40 : client: [0] closed
Aug 16 14:41 : config: option 'device' on line 10 was not recognized
Aug 16 14:41 : client: [0] opened from 127.0.0.1:46726
Aug 16 14:41 : avahi: Service 'Music Player' successfully established.
Aug 16 14:41 : client: [1] opened from 127.0.0.1:46728
Aug 16 14:41 : client: [0] closed
Aug 16 14:42 : config: option 'device' on line 10 was not recognized
Aug 16 14:42 : client: [0] opened from 127.0.0.1:46808
Aug 16 14:42 : avahi: Service 'Music Player' successfully established.
Aug 16 14:42 : client: [1] opened from 127.0.0.1:46810
Aug 16 14:42 : client: [0] closed
Aug 16 14:44 : config: option 'device' on line 10 was not recognized
Aug 16 14:44 : client: [0] opened from 127.0.0.1:46920
Aug 16 14:44 : client: [1] opened from 127.0.0.1:46922
Aug 16 14:44 : avahi: Service 'Music Player' successfully established.
Aug 16 14:45 : client: [0] closed
Aug 24 10:17 : config: option 'device' on line 10 was not recognized
Aug 24 10:17 : client: [0] opened from 127.0.0.1:39066
Aug 24 10:17 : client: [1] opened from 127.0.0.1:39068
Aug 24 10:17 : avahi: Service 'Music Player' successfully established.
Aug 24 10:17 : client: [0] closed
Aug 24 10:21 : config: option 'device' on line 10 was not recognized
Aug 24 10:21 : client: [0] opened from 127.0.0.1:39320
Aug 24 10:21 : avahi: Service 'Music Player' successfully established.
Aug 24 10:21 : client: [1] opened from 127.0.0.1:39322
Aug 24 10:21 : client: [0] closed
Sep 17 08:11 : config: option 'device' on line 10 was not recognized
Sep 17 08:11 : client: [0] opened from 127.0.0.1:36922
Sep 17 08:11 : avahi: Service 'Music Player' successfully established.
Sep 17 08:11 : client: [1] opened from 127.0.0.1:36924
Sep 17 08:12 : client: [0] closed
Sep 17 08:12 : player: played "http://icestreaming.rai.it/1.mp3"
Oct 25 17:37 : config: option 'device' on line 10 was not recognized
Oct 25 17:37 : client: [0] opened from 127.0.0.1:40950
Oct 25 17:37 : avahi: Service 'Music Player' successfully established.
Oct 25 17:37 : client: [1] opened from 127.0.0.1:40954
Oct 25 17:37 : player: played "http://icestreaming.rai.it/1.mp3"
Oct 25 17:37 : client: [0] closed
Oct 25 17:37 : player: played "AUDIOBOOKS/J.K. Rowling/2-Harry Potter and the Chamber of Secrets/02 Chapter 02 - Dobby's Warning.mp3"
